2019-02-28 11:45:27,577 INFO o.a.j.u.JMeterUtils: Setting Locale to zh_CN
2019-02-28 11:45:27,635 INFO o.a.j.JMeter: Loading user properties from: user.properties
2019-02-28 11:45:27,637 INFO o.a.j.JMeter: Loading system properties from: system.properties
2019-02-28 11:45:27,639 INFO o.a.j.JMeter: Setting JMeter property: jmeter.save.saveservice.output_format=xml
2019-02-28 11:45:27,648 INFO o.a.j.JMeter: Copyright (c) 1998-2017 The Apache Software Foundation
2019-02-28 11:45:27,649 INFO o.a.j.JMeter: Version 3.3
2019-02-28 11:45:27,649 INFO o.a.j.JMeter: java.version=1.8.0_131
2019-02-28 11:45:27,649 INFO o.a.j.JMeter: java.vm.name=Java HotSpot(TM) 64-Bit Server VM
2019-02-28 11:45:27,649 INFO o.a.j.JMeter: os.name=Windows 10
2019-02-28 11:45:27,649 INFO o.a.j.JMeter: os.arch=amd64
2019-02-28 11:45:27,649 INFO o.a.j.JMeter: os.version=10.0
2019-02-28 11:45:27,649 INFO o.a.j.JMeter: file.encoding=GBK
2019-02-28 11:45:27,649 INFO o.a.j.JMeter: Max memory     =1884815360
2019-02-28 11:45:27,650 INFO o.a.j.JMeter: Available Processors =4
2019-02-28 11:45:27,672 INFO o.a.j.JMeter: Default Locale=中文 (中国)
2019-02-28 11:45:27,672 INFO o.a.j.JMeter: JMeter  Locale=中文 (中国)
2019-02-28 11:45:27,673 INFO o.a.j.JMeter: JMeterHome=C:\Users\zhm\Downloads\apache-jmeter-3.3
2019-02-28 11:45:27,673 INFO o.a.j.JMeter: user.dir  =C:\Users\zhm\Downloads\apache-jmeter-3.3\bin
2019-02-28 11:45:27,674 INFO o.a.j.JMeter: PWD       =C:\Users\zhm\Downloads\apache-jmeter-3.3\bin
2019-02-28 11:45:27,681 INFO o.a.j.JMeter: IP: 192.168.1.24 Name: DESKTOP-MFVMDHD FullName: DESKTOP-MFVMDHD
2019-02-28 11:45:27,688 INFO o.a.j.s.FileServer: Default base='C:\Users\zhm\Downloads\apache-jmeter-3.3\bin'
2019-02-28 11:45:27,688 INFO o.a.j.s.FileServer: Set new base='C:\Users\zhm\Downloads\apache-jmeter-3.3\TestSuite\HTTP请求练习'
2019-02-28 11:45:28,088 INFO o.a.j.s.SaveService: Testplan (JMX) version: 2.2. Testlog (JTL) version: 2.2
2019-02-28 11:45:28,123 INFO o.a.j.s.SaveService: Using SaveService properties file encoding UTF-8
2019-02-28 11:45:28,128 INFO o.a.j.s.SaveService: Using SaveService properties version 3.2
2019-02-28 11:45:28,138 INFO o.a.j.s.SaveService: Loading file: C:\Users\zhm\Downloads\apache-jmeter-3.3\TestSuite\HTTP请求练习\HTTP请求.jmx
2019-02-28 11:45:28,209 INFO o.a.j.p.h.s.HTTPSamplerBase: Parser for text/html is org.apache.jmeter.protocol.http.parser.LagartoBasedHtmlParser
2019-02-28 11:45:28,209 INFO o.a.j.p.h.s.HTTPSamplerBase: Parser for application/xhtml+xml is org.apache.jmeter.protocol.http.parser.LagartoBasedHtmlParser
2019-02-28 11:45:28,209 INFO o.a.j.p.h.s.HTTPSamplerBase: Parser for application/xml is org.apache.jmeter.protocol.http.parser.LagartoBasedHtmlParser
2019-02-28 11:45:28,209 INFO o.a.j.p.h.s.HTTPSamplerBase: Parser for text/xml is org.apache.jmeter.protocol.http.parser.LagartoBasedHtmlParser
2019-02-28 11:45:28,210 INFO o.a.j.p.h.s.HTTPSamplerBase: Parser for text/vnd.wap.wml is org.apache.jmeter.protocol.http.parser.RegexpHTMLParser
2019-02-28 11:45:28,210 INFO o.a.j.p.h.s.HTTPSamplerBase: Parser for text/css is org.apache.jmeter.protocol.http.parser.CssParser
2019-02-28 11:45:28,225 INFO o.a.j.p.h.c.CookieManager: Settings: Delete null: true Check: true Allow variable: true Save: false Prefix: COOKIE_
2019-02-28 11:45:28,261 INFO o.a.j.JMeter: Creating summariser <summary>
2019-02-28 11:45:28,266 INFO o.a.j.e.StandardJMeterEngine: Running the test!
2019-02-28 11:45:28,268 INFO o.a.j.s.SampleEvent: List of sample_variables: []
2019-02-28 11:45:28,268 INFO o.a.j.s.SampleEvent: List of sample_variables: []
2019-02-28 11:45:28,273 INFO o.a.j.e.u.CompoundVariable: Note: Function class names must contain the string: '.functions.'
2019-02-28 11:45:28,273 INFO o.a.j.e.u.CompoundVariable: Note: Function class names must not contain the string: '.gui.'
2019-02-28 11:45:28,964 INFO o.a.j.JMeter: 正在运行的测试 (1551325528964)
2019-02-28 11:45:29,032 INFO o.a.j.e.StandardJMeterEngine: Starting ThreadGroup: 1 : HTTP请求
2019-02-28 11:45:29,032 INFO o.a.j.e.StandardJMeterEngine: Starting 1 threads for group HTTP请求.
2019-02-28 11:45:29,032 INFO o.a.j.e.StandardJMeterEngine: Thread will continue on error
2019-02-28 11:45:29,033 INFO o.a.j.t.ThreadGroup: Starting thread group... number=1 threads=1 ramp-up=1 perThread=1000.0 delayedStart=false
2019-02-28 11:45:29,042 INFO o.a.j.t.ThreadGroup: Started thread group number 1
2019-02-28 11:45:29,048 INFO o.a.j.e.StandardJMeterEngine: All thread groups have been started
2019-02-28 11:45:29,051 INFO o.a.j.t.JMeterThread: Thread started: HTTP请求 1-1
2019-02-28 11:45:29,077 INFO o.a.j.p.h.s.HTTPHCAbstractImpl: Local host = DESKTOP-MFVMDHD
2019-02-28 11:45:29,084 INFO o.a.j.p.h.s.HTTPHC4Impl: HTTP request retry count = 0
2019-02-28 11:45:29,094 INFO o.a.j.s.SampleResult: Note: Sample TimeStamps are START times
2019-02-28 11:45:29,094 INFO o.a.j.s.SampleResult: sampleresult.default.encoding is set to ISO-8859-1
2019-02-28 11:45:29,094 INFO o.a.j.s.SampleResult: sampleresult.useNanoTime=true
2019-02-28 11:45:29,094 INFO o.a.j.s.SampleResult: sampleresult.nanoThreadSleep=5000
2019-02-28 11:45:34,640 INFO o.a.j.r.Summariser: summary +      2 in 00:00:06 =    0.4/s Avg:  2749 Min:   192 Max:  5306 Err:     0 (0.00%) Active: 1 Started: 1 Finished: 0
2019-02-28 11:45:35,069 INFO o.a.j.p.h.s.HTTPJavaImpl: Maximum connection retries = 0
2019-02-28 11:45:35,437 INFO o.a.j.t.JMeterThread: Thread is done: HTTP请求 1-1
2019-02-28 11:45:35,438 INFO o.a.j.t.JMeterThread: Thread finished: HTTP请求 1-1
2019-02-28 11:45:35,445 INFO o.a.j.e.StandardJMeterEngine: Notifying test listeners of end of test
2019-02-28 11:45:35,447 INFO o.a.j.r.Summariser: summary +      6 in 00:00:01 =    7.4/s Avg:   119 Min:    49 Max:   355 Err:     0 (0.00%) Active: 0 Started: 1 Finished: 1
2019-02-28 11:45:35,448 INFO o.a.j.r.Summariser: summary =      8 in 00:00:06 =    1.2/s Avg:   777 Min:    49 Max:  5306 Err:     0 (0.00%)
